<?xml version="1.0" encoding="UTF-8"?>
<!-- Generated by org.testng.reporters.JUnitXMLReporter -->
<testsuite hostname="DESKTOP-L1R5ISL" ignored="0" name="Test" tests="3" failures="0" timestamp="06 Jul 2022 01:40:04 GMT" time="89.026" errors="0">
  <testcase name="testValidLogin" time="11.868" classname="script.ValidLogin_Test"/>
  <testcase name="testInvalidLogin" time="34.332" classname="script.InvalidLogin_Test"/>
  <testcase name="testProductVerson" time="0.077" classname="script.VerifyProductVersion_Test"/>
</testsuite> <!-- Test -->
