<?xml version="1.0" encoding="UTF-8"?>
<!-- Generated by org.testng.reporters.JUnitXMLReporter -->
<testsuite hostname="DESKTOP-L1R5ISL" ignored="0" name="Test" tests="3" failures="0" timestamp="06 Jul 2022 01:31:14 GMT" time="113.816" errors="0">
  <testcase name="testValidLogin" time="21.208" classname="script.ValidLogin_Test"/>
  <testcase name="testInvalidLogin" time="42.001" classname="script.InvalidLogin_Test"/>
  <testcase name="testProductVerson" time="0.093" classname="script.VerifyProductVersion_Test"/>
</testsuite> <!-- Test -->
