<?xml version="1.0" encoding="UTF-8"?>
<testng-results skipped="0" failed="0" ignored="0" total="1" passed="1">
  <reporter-output>
    <line>
      <![CDATA[testProductVersonis PASSED]]>
    </line>
  </reporter-output>
  <suite name="Default suite" duration-ms="19537" started-at="2022-07-06T01:47:42Z" finished-at="2022-07-06T01:48:01Z">
    <groups>
      <group name="smoke">
        <method signature="VerifyProductVersion_Test.testProductVerson()[pri:3, instance:script.VerifyProductVersion_Test@72d818d1]" name="testProductVerson" class="script.VerifyProductVersion_Test"/>
      </group> <!-- smoke -->
    </groups>
    <test name="Default test" duration-ms="19537" started-at="2022-07-06T01:47:42Z" finished-at="2022-07-06T01:48:01Z">
      <class name="script.VerifyProductVersion_Test">
        <test-method status="PASS" signature="openapp()[pri:0, instance:script.VerifyProductVersion_Test@72d818d1]" name="openapp" is-config="true" duration-ms="17647" started-at="2022-07-06T07:17:42Z" finished-at="2022-07-06T07:17:59Z">
          <reporter-output>
          </reporter-output>
        </test-method> <!-- openapp -->
        <test-method status="PASS" signature="testProductVerson()[pri:3, instance:script.VerifyProductVersion_Test@72d818d1]" name="testProductVerson" duration-ms="1038" started-at="2022-07-06T07:17:59Z" finished-at="2022-07-06T07:18:00Z">
          <reporter-output>
          </reporter-output>
        </test-method> <!-- testProductVerson -->
        <test-method status="PASS" signature="closeApp(org.testng.ITestResult)[pri:0, instance:script.VerifyProductVersion_Test@72d818d1]" name="closeApp" is-config="true" duration-ms="816" started-at="2022-07-06T07:18:00Z" finished-at="2022-07-06T07:18:01Z">
          <params>
            <param index="0">
              <value>
                <![CDATA[[TestResult name=testProductVerson status=SUCCESS method=VerifyProductVersion_Test.testProductVerson()[pri:3, instance:script.VerifyProductVersion_Test@72d818d1] output={null}]]]>
              </value>
            </param>
          </params>
          <reporter-output>
            <line>
              <![CDATA[testProductVersonis PASSED]]>
            </line>
          </reporter-output>
        </test-method> <!-- closeApp -->
      </class> <!-- script.VerifyProductVersion_Test -->
    </test> <!-- Default test -->
  </suite> <!-- Default suite -->
</testng-results>
